0000000000000000 0000000000000004 b fsdev_last_result
0000000000000000 a __start__
0000000000000000 T _start
0000000000000000 b _TLS_MODULE_BASE_
0000000000000008 0000000000000401 B __nx_dev_path_buf
00000000000000e0 T __nx_exit
00000000000000f0 T __nx_mod0
0000000000000130 0000000000000050 T std::__throw_logic_error(char const*)
0000000000000180 0000000000000050 T std::__throw_length_error(char const*)
00000000000001d0 0000000000000034 W __gnu_cxx::__throw_concurrence_lock_error()
0000000000000204 0000000000000034 W __gnu_cxx::__throw_concurrence_unlock_error()
0000000000000238 0000000000000010 T std::terminate()
0000000000000248 0000000000000010 T std::unexpected()
0000000000000258 0000000000000044 T __cxa_call_terminate
00000000000002a0 0000000000000014 t _GLOBAL__sub_D_eh_alloc.cc
00000000000002c0 0000000000000034 t _GLOBAL__sub_D_eh_globals.cc
0000000000000300 0000000000000034 T exit
0000000000000340 000000000000039c T main
000000000000040c 0000000000000004 b g_fsPriority
00000000000006e0 00000000000001f0 t _GLOBAL__sub_I_eh_alloc.cc
00000000000008e0 0000000000000038 t _GLOBAL__sub_I_eh_globals.cc
0000000000000920 t __do_global_dtors_aux
0000000000000980 t frame_dummy
00000000000009b0 0000000000000140 t drawList(std::vector<ApkEntry, std::allocator<ApkEntry> > const&, int, int)
0000000000000af0 00000000000003f8 t void std::__unguarded_linear_insert<__gnu_cxx::__normal_iterator<ApkEntry*, std::vector<ApkEntry, std::allocator<ApkEntry> > >, __gnu_cxx::__ops::_Val_comp_iter<scanApks()::{lambda(ApkEntry const&, ApkEntry const&)#1}> >(__gnu_cxx::__normal_iterator<ApkEntry*, std::vector<ApkEntry, std::allocator<ApkEntry> > >, __gnu_cxx::__ops::_Val_comp_iter<scanApks()::{lambda(ApkEntry const&, ApkEntry const&)#1}>) [clone .isra.0]
0000000000000ef0 0000000000000514 t void std::__insertion_sort<__gnu_cxx::__normal_iterator<ApkEntry*, std::vector<ApkEntry, std::allocator<ApkEntry> > >, __gnu_cxx::__ops::_Iter_comp_iter<scanApks()::{lambda(ApkEntry const&, ApkEntry const&)#1}> >(__gnu_cxx::__normal_iterator<ApkEntry*, std::vector<ApkEntry, std::allocator<ApkEntry> > >, __gnu_cxx::__normal_iterator<ApkEntry*, std::vector<ApkEntry, std::allocator<ApkEntry> > >, __gnu_cxx::__ops::_Iter_comp_iter<scanApks()::{lambda(ApkEntry const&, ApkEntry const&)#1}>) [clone .isra.0]
0000000000001410 00000000000009e0 t void std::__adjust_heap<__gnu_cxx::__normal_iterator<ApkEntry*, std::vector<ApkEntry, std::allocator<ApkEntry> > >, long, ApkEntry, __gnu_cxx::__ops::_Iter_comp_iter<scanApks()::{lambda(ApkEntry const&, ApkEntry const&)#1}> >(__gnu_cxx::__normal_iterator<ApkEntry*, std::vector<ApkEntry, std::allocator<ApkEntry> > >, long, long, ApkEntry, __gnu_cxx::__ops::_Iter_comp_iter<scanApks()::{lambda(ApkEntry const&, ApkEntry const&)#1}>) [clone .isra.0]
0000000000001df0 0000000000000224 W void std::vector<ApkEntry, std::allocator<ApkEntry> >::_M_realloc_append<ApkEntry>(ApkEntry&&)
0000000000002020 00000000000003d4 W std::enable_if<std::__and_<std::__not_<std::__is_tuple_like<ApkEntry> >, std::is_move_constructible<ApkEntry>, std::is_move_assignable<ApkEntry> >::value, void>::type std::swap<ApkEntry>(ApkEntry&, ApkEntry&)
0000000000002400 0000000000000834 t void std::__introsort_loop<__gnu_cxx::__normal_iterator<ApkEntry*, std::vector<ApkEntry, std::allocator<ApkEntry> > >, long, __gnu_cxx::__ops::_Iter_comp_iter<scanApks()::{lambda(ApkEntry const&, ApkEntry const&)#1}> >(__gnu_cxx::__normal_iterator<ApkEntry*, std::vector<ApkEntry, std::allocator<ApkEntry> > >, __gnu_cxx::__normal_iterator<ApkEntry*, std::vector<ApkEntry, std::allocator<ApkEntry> > >, long, __gnu_cxx::__ops::_Iter_comp_iter<scanApks()::{lambda(ApkEntry const&, ApkEntry const&)#1}>) [clone .isra.0]
0000000000002c40 00000000000004c4 t scanApks()
0000000000003110 0000000000000018 t _appletInfiniteSleepLoop
0000000000003130 0000000000000108 t _appletCmdGetSession
0000000000003240 00000000000000cc t _appletCmdInU8NoOut
0000000000003310 00000000000000cc t _appletCmdInU32NoOut
00000000000033e0 000000000000012c t _appletGetSessionProxy.constprop.0
0000000000003510 0000000000000148 t _appletOpenLibraryAppletProxy.constprop.0
0000000000003660 00000000000000f8 t _appletCmdGetEvent
0000000000003760 00000000000000d4 t _appletCmdNoInOutU8.isra.0
0000000000003840 00000000000000d4 t _appletCmdNoInOutU32.isra.0
0000000000003920 00000000000000d4 t _appletCmdNoInOutU64.isra.0
0000000000003a00 00000000000000c0 t _appletCmdNoIO.isra.0
0000000000003ac0 0000000000000010 T appletGetAppletType
0000000000003ad0 00000000000001b8 T appletSetFocusHandlingMode
0000000000003c90 000000000000005c T appletSetCpuBoostMode
0000000000003cf0 000000000000002c T appletCreateManagedDisplayLayer
0000000000003d20 000000000000000c T appletGetAppletResourceUserId
0000000000003d30 0000000000000138 t _appletHolderCreateState
0000000000003e70 00000000000000b0 T appletHolderClose
0000000000003f20 0000000000000024 T appletHolderGetLibraryAppletInfo
0000000000003f50 0000000000000090 T appletNotifyRunning
0000000000003fe0 0000000000000078 T appletSetGamePlayRecordingState
0000000000004060 0000000000000ad4 t _appletCleanup
0000000000004b40 0000000000000048 T appletExit
0000000000004b90 0000000000000040 T appletGetLibraryAppletInfo
0000000000004bd0 0000000000000c14 T appletInitialize
00000000000057f0 0000000000000024 t _appletExitProcess
0000000000005820 0000000000000074 T appletGetMessage
00000000000058a0 0000000000000264 T appletProcessMessage
0000000000005b10 0000000000000034 T appletMainLoop
0000000000005b50 00000000000000cc t _smCmifCmdInPid
0000000000005c20 0000000000000078 t _smCleanup
0000000000005ca0 0000000000000048 T smAddOverrideHandle
0000000000005cf0 0000000000000054 T smGetServiceOverride
0000000000005d50 00000000000001ac T smInitialize
0000000000005f00 0000000000000048 T smExit
0000000000005f50 00000000000000d0 T smGetServiceOriginal
0000000000006020 0000000000000120 T smGetServiceWrapper
0000000000006140 000000000000001c W diagAbortWithResult
0000000000006160 0000000000000208 T envSetup
0000000000006370 0000000000000020 T envGetMainThreadHandle
0000000000006390 000000000000000c T envIsNso
00000000000063a0 0000000000000014 T envHasHeapOverride
00000000000063c0 000000000000000c T envGetHeapOverrideAddr
00000000000063d0 000000000000000c T envGetHeapOverrideSize
00000000000063e0 0000000000000014 T envHasArgv
0000000000006400 000000000000000c T envGetArgv
0000000000006410 000000000000000c T envGetExitFuncPtr
0000000000006420 000000000000000c T envSetExitFuncPtr
0000000000006430 000000000000000c T envHasRandomSeed
0000000000006440 0000000000000010 T envGetRandomSeed
0000000000006450 0000000000000014 T hosversionGet
0000000000006470 0000000000000010 T hosversionSet
0000000000006480 000000000000009c T padConfigureInput
0000000000006520 0000000000000024 T padInitializeWithMask
0000000000006550 000000000000029c T padUpdate
00000000000067f0 0000000000000050 t consoleDrawChar
0000000000006840 00000000000000b8 t consoleNewRow
0000000000006900 0000000000000194 t consolePrintChar.part.0
0000000000006aa0 0000000000000df8 t con_write
00000000000078a0 0000000000000160 T consoleInit
0000000000007a00 0000000000000044 T consoleExit
0000000000007a50 000000000000002c T consoleUpdate
0000000000007a80 0000000000000098 T consoleClear
0000000000007b20 00000000000001bc t ConsoleSwRenderer_drawChar
0000000000007ce0 00000000000000e8 t ConsoleSwRenderer_init
0000000000007dd0 0000000000000078 t ConsoleSwRenderer_flushAndSwap
0000000000007e50 00000000000000dc t ConsoleSwRenderer_scrollWindow
0000000000007f30 0000000000000050 t ConsoleSwRenderer_deinit
0000000000007f80 000000000000000c W getDefaultConsoleRenderer
0000000000007f8c T svcSetHeapSize
0000000000007fa0 T svcSetMemoryPermission
0000000000007fa8 T svcSetMemoryAttribute
0000000000007fb0 T svcUnmapMemory
0000000000007fb8 T svcQueryMemory
0000000000007fcc T svcExitProcess
0000000000007fd4 T svcSleepThread
0000000000007fdc T svcMapSharedMemory
0000000000007fe4 T svcUnmapSharedMemory
0000000000007fec T svcCreateTransferMemory
0000000000008000 T svcCloseHandle
0000000000008008 T svcResetSignal
0000000000008010 T svcWaitSynchronization
0000000000008024 T svcArbitrateLock
000000000000802c T svcArbitrateUnlock
0000000000008034 T svcWaitProcessWideKeyAtomic
000000000000803c T svcSignalProcessWideKey
0000000000008044 T svcConnectToNamedPort
0000000000008058 T svcSendSyncRequest
0000000000008060 T svcBreak
0000000000008068 T svcReturnFromException
0000000000008070 T svcGetInfo
0000000000008084 T svcUnmapTransferMemory
0000000000008090 000000000000000c T eventLoadRemote
00000000000080a0 0000000000000034 T eventWait
00000000000080e0 0000000000000054 T eventClose
0000000000008140 00000000000000c8 T mutexLock
0000000000008210 0000000000000068 T mutexUnlock
0000000000008280 000000000000001c T mutexIsLockedByCurrentThread
00000000000082a0 0000000000000050 T rmutexLock
00000000000082f0 0000000000000018 T rmutexUnlock
0000000000008310 00000000000000a8 T tmemCreate
00000000000083c0 0000000000000034 T tmemUnmap
0000000000008400 0000000000000030 T tmemCloseHandle
0000000000008430 000000000000009c T tmemWaitForPermission
00000000000084d0 0000000000000050 T tmemClose
0000000000008520 0000000000000064 t _memregionInitWithInfo
0000000000008590 0000000000000004 W __libnx_virtmem_rng
00000000000085a0 0000000000000164 t _memregionFindRandom
0000000000008710 0000000000000140 T virtmemSetup
0000000000008850 000000000000000c T virtmemLock
0000000000008860 000000000000000c T virtmemUnlock
0000000000008870 0000000000000050 T virtmemFindAslr
00000000000088c0 000000000000057c T waitObjects
0000000000008e40 00000000000000d4 t _apmCleanup
0000000000008f20 0000000000000194 T apmInitialize
00000000000090c0 0000000000000048 T apmExit
0000000000009110 00000000000000c8 T apmSetPerformanceConfiguration
00000000000091e0 000000000000012c t _hidCleanup
0000000000009310 00000000000000d4 t _hidCmdInAruidNoOut
00000000000093f0 00000000000000e0 t _hidCmdInU32AruidNoOut
00000000000094d0 0000000000000194 t _hidGetStates
0000000000009670 000000000000026c T hidInitialize
00000000000098e0 0000000000000048 T hidExit
0000000000009930 000000000000000c T hidGetSharedmemAddr
0000000000009940 0000000000000090 T hidGetNpadStyleSet
00000000000099d0 0000000000000084 T hidInitializeNpad
0000000000009a60 00000000000000a4 T hidGetNpadStatesFullKey
0000000000009b10 00000000000000a4 T hidGetNpadStatesHandheld
0000000000009bc0 00000000000000a4 T hidGetNpadStatesJoyDual
0000000000009c70 00000000000000a4 T hidGetNpadStatesJoyLeft
0000000000009d20 00000000000000a4 T hidGetNpadStatesJoyRight
0000000000009dd0 0000000000000144 T hidGetNpadStatesGc
0000000000009f20 00000000000000a8 T hidGetNpadStatesSystemExt
0000000000009fd0 0000000000000008 T hidSetSupportedNpadStyleSet
0000000000009fe0 0000000000000100 T hidSetSupportedNpadIdType
000000000000a0e0 000000000000000c T nwindowGetDefault
000000000000a0f0 00000000000000a4 T __nx_win_init
000000000000a1a0 0000000000000034 T __nx_win_exit
000000000000a1e0 000000000000008c T framebufferMakeLinear
000000000000a270 0000000000000084 T framebufferClose
000000000000a300 0000000000000290 T framebufferCreate
000000000000a590 000000000000007c T framebufferBegin
000000000000a610 0000000000000198 T framebufferEnd
000000000000a7b0 0000000000000024 T nwindowIsValid
000000000000a7e0 000000000000007c T nwindowClose
000000000000a860 00000000000000f8 T nwindowCreate
000000000000a960 0000000000000038 T nwindowCreateFromLayer
000000000000a9a0 0000000000000084 T nwindowSetDimensions
000000000000aa30 0000000000000180 T nwindowConfigureBuffer
000000000000abb0 00000000000001cc T nwindowDequeueBuffer
000000000000ad80 000000000000012c T nwindowQueueBuffer
000000000000aeb0 00000000000000bc T nwindowReleaseBuffers
000000000000af70 0000000000000004 W __libnx_alloc
000000000000af80 0000000000000014 W __libnx_aligned_alloc
000000000000afa0 0000000000000004 W __libnx_free
000000000000afb0 0000000000000314 W argvSetup
000000000000b2d0 00000000000001fc T __nx_dynamic
000000000000b4d0 00000000000000d0 W __libnx_initheap
000000000000b5a0 00000000000000ec W __appInit
000000000000b690 0000000000000044 W __appExit
000000000000b6e0 000000000000002c W __libnx_init
000000000000b710 000000000000001c W __libnx_exit
000000000000b730 000000000000001c T __syscall_exit
000000000000b750 0000000000000034 T __syscall_getreent
000000000000b790 0000000000000004 T __syscall_lock_acquire
000000000000b7a0 0000000000000004 T __syscall_lock_release
000000000000b7b0 0000000000000004 T __syscall_lock_acquire_recursive
000000000000b7c0 0000000000000004 T __syscall_lock_release_recursive
000000000000b7d0 000000000000001c T __syscall_cond_broadcast
000000000000b7f0 000000000000003c T __syscall_cond_wait
000000000000b830 0000000000000040 T __syscall_tls_create
000000000000b870 0000000000000018 T __syscall_tls_set
000000000000b890 0000000000000004 T __syscall_tls_get
000000000000b8a0 0000000000000018 T __syscall_tls_delete
000000000000b8c0 000000000000025c T __libnx_init_time
000000000000bb20 0000000000000098 T newlibSetup
000000000000bbc0 00000000000000e8 T nxlinkSetup
000000000000bcb0 0000000000000010 t fsdev_link
000000000000bcc0 0000000000000010 t fsdev_dirreset
000000000000bcd0 0000000000000010 t fsdev_chmod
000000000000bce0 0000000000000018 t error_cmp
000000000000bd00 0000000000000020 t fsdev_dirclose
000000000000bd20 000000000000001c t fsdev_close
000000000000bd40 0000000000000074 t fsdev_converttimetoutc
000000000000bdc0 00000000000000f8 t fsdevFindDevice.part.0
000000000000bec0 00000000000001cc t fsdev_fixpath
000000000000c090 000000000000009c t _fsdevUnmountDeviceStruct.part.0
000000000000c130 0000000000000010 t fsdev_fchmod
000000000000c140 0000000000000100 t fsdev_diropen
000000000000c240 00000000000000f8 t fsdev_statvfs
000000000000c340 000000000000007c t fsdev_fsync
000000000000c3c0 00000000000000ec t fsdev_fstat
000000000000c4b0 0000000000000094 t fsdev_ftruncate
000000000000c550 00000000000001d8 t fsdev_stat
000000000000c730 000000000000014c t fsdev_rename
000000000000c880 000000000000013c t fsdev_chdir
000000000000c9c0 00000000000000a4 t fsdev_rmdir
000000000000ca70 00000000000000a4 t fsdev_mkdir
000000000000cb20 00000000000000a4 t fsdev_unlink
000000000000cbd0 000000000000013c t fsdev_write_safe
000000000000cd10 0000000000000134 t fsdev_read_safe
000000000000ce50 0000000000000100 t fsdev_read
000000000000cf50 00000000000001d4 t fsdev_dirnext
000000000000d130 0000000000000124 t fsdev_write
000000000000d260 0000000000000110 t fsdev_seek
000000000000d370 0000000000000230 t fsdev_open
000000000000d5a0 0000000000000324 T fsdevMountDevice
000000000000d8d0 0000000000000040 T fsdevMountSdmc
000000000000d910 00000000000000bc T __libnx_init_cwd
000000000000d9d0 0000000000000064 T fsdevUnmountAll
000000000000da40 0000000000000128 T decode_utf8
000000000000db68 T armDCacheFlush
000000000000db98 t armDCacheFlush_L0
000000000000dbb4 W __libnx_exception_entry
000000000000dc40 t __libnx_exception_entry_start
000000000000dd68 t __libnx_exception_entry_abort
000000000000dd6c t __libnx_exception_entry_end
000000000000dd74 T __libnx_exception_returnentry
000000000000dd8c T __aarch64_read_tp
000000000000dda0 0000000000000070 T condvarWaitTimeout
000000000000de10 0000000000000410 T randomGet
000000000000e220 0000000000000020 T randomGet64
000000000000e240 0000000000000014 T shmemLoadRemote
000000000000e260 0000000000000070 T shmemMap
000000000000e2d0 0000000000000034 T shmemUnmap
000000000000e310 000000000000004c T shmemClose
000000000000e360 00000000000000b0 T __libnx_init_thread
000000000000e410 0000000000000010 T threadTlsGet
000000000000e420 0000000000000010 T threadTlsSet
000000000000e430 00000000000000d8 T threadTlsAlloc
000000000000e510 0000000000000044 T threadTlsFree
000000000000e560 00000000000000b4 t _fsCleanup
000000000000e620 00000000000001c0 t _fsCmdNoIO
000000000000e7e0 00000000000001e0 t _fsFsCmdWithInPath
000000000000e9c0 00000000000001f8 t _fsFsCmdWithTwoInPaths
000000000000ebc0 000000000000028c t _fsFsOpenCommon
000000000000ee50 00000000000001fc t _fsFsCmdWithInPathAndOutU64
000000000000f050 00000000000000f8 t _fsObjectClose
000000000000f150 000000000000017c t _fsCmdGetSession.constprop.0
000000000000f2d0 00000000000002f8 T fsInitialize
000000000000f5d0 0000000000000048 T fsExit
000000000000f620 0000000000000008 T fsOpenSdCardFileSystem
000000000000f630 00000000000001ec T fsFsCreateFile
000000000000f820 0000000000000008 T fsFsDeleteFile
000000000000f830 0000000000000008 T fsFsCreateDirectory
000000000000f840 0000000000000008 T fsFsDeleteDirectory
000000000000f850 0000000000000008 T fsFsRenameFile
000000000000f860 0000000000000008 T fsFsRenameDirectory
000000000000f870 00000000000001f0 T fsFsGetEntryType
000000000000fa60 0000000000000008 T fsFsOpenFile
000000000000fa70 0000000000000008 T fsFsOpenDirectory
000000000000fa80 0000000000000008 T fsFsGetFreeSpace
000000000000fa90 0000000000000008 T fsFsGetTotalSpace
000000000000faa0 0000000000000230 T fsFsGetFileTimeStampRaw
000000000000fcd0 0000000000000004 T fsFsClose
000000000000fce0 0000000000000214 T fsFileRead
000000000000ff00 00000000000001f8 T fsFileWrite
0000000000010100 0000000000000008 T fsFileFlush
0000000000010110 00000000000001c0 T fsFileSetSize
0000000000010110 00000000000001c0 t fsFileSetSize.localalias
00000000000102d0 00000000000001d4 T fsFileGetSize
00000000000102d0 00000000000001d4 t fsFileGetSize.localalias
00000000000104b0 0000000000000004 T fsFileClose
00000000000104c0 0000000000000004 T fsDirClose
00000000000104d0 0000000000000204 T fsDirRead
00000000000106e0 00000000000000d0 t _nvCleanup
00000000000107b0 00000000000000d4 t _nvCmdInitialize.constprop.0
0000000000010890 0000000000000018 W __nx_nv_create_tmem
00000000000108b0 00000000000003a8 T nvInitialize
0000000000010c60 0000000000000048 T nvExit
0000000000010cb0 00000000000000f4 T nvConvertError
0000000000010db0 0000000000000114 T nvOpen
0000000000010ed0 0000000000000310 T nvIoctl
00000000000111e0 00000000000000d4 T nvClose
00000000000112c0 000000000000010c T nvQueryEvent
00000000000113d0 00000000000000d0 t _setsysGetFirmwareVersionImpl
00000000000114a0 0000000000000078 t _setsysCleanup
0000000000011520 00000000000000a0 T setsysInitialize
00000000000115c0 0000000000000048 T setsysExit
0000000000011610 0000000000000048 T setsysGetFirmwareVersion
0000000000011660 000000000000027c t _timeCleanup
00000000000118e0 0000000000000100 t _timeCmdGetSession.constprop.0
00000000000119e0 0000000000000104 t _timeReadClockFromSharedMem
0000000000011af0 0000000000000300 T timeInitialize
0000000000011df0 0000000000000048 T timeExit
0000000000011e40 0000000000000038 T timeGetServiceSession_SystemClock
0000000000011e80 00000000000000fc T timeGetCurrentTime
0000000000011f80 0000000000000108 T timeToCalendarTimeWithMyRule
0000000000012090 0000000000000114 T timeToPosixTimeWithMyRule
00000000000121b0 0000000000000230 t _viCleanup
00000000000123e0 0000000000000100 t _viCmdGetSessionNoParams.constprop.0
00000000000124e0 0000000000000368 T viInitialize
0000000000012850 0000000000000048 T viExit
00000000000128a0 000000000000000c T viGetSession_IHOSBinderDriverRelay
00000000000128b0 000000000000010c T viOpenDisplay
00000000000129c0 00000000000000ec T viCloseDisplay
0000000000012ab0 00000000000000f4 T viCloseLayer
0000000000012bb0 0000000000000394 T viCreateLayer
0000000000012f50 00000000000000d8 T viSetLayerScalingMode
0000000000013030 0000000000000074 t _nvFenceCleanup
00000000000130b0 0000000000000098 T nvFenceInit
0000000000013150 0000000000000048 T nvFenceExit
00000000000131a0 0000000000000290 T nvFenceWait
0000000000013430 000000000000007c T nvMultiFenceWait
00000000000134b0 00000000000000ac T nvMapInit
0000000000013560 0000000000000074 T nvMapExit
00000000000135e0 000000000000008c T nvMapClose
0000000000013670 0000000000000160 T nvMapCreate
00000000000137d0 0000000000000024 T nvioctlNvhostCtrl_EventSignal
0000000000013800 000000000000003c T nvioctlNvhostCtrl_EventWait
0000000000013840 0000000000000028 T nvioctlNvhostCtrl_EventWaitAsync
0000000000013870 0000000000000024 T nvioctlNvhostCtrl_EventRegister
00000000000138a0 0000000000000024 T nvioctlNvhostCtrl_EventUnregister
00000000000138d0 000000000000003c T nvioctlNvmap_Create
0000000000013910 0000000000000030 T nvioctlNvmap_Alloc
0000000000013940 0000000000000030 T nvioctlNvmap_Free
0000000000013970 000000000000003c T nvioctlNvmap_GetId
00000000000139b0 000000000000001c T binderCreate
00000000000139d0 000000000000035c T binderTransactParcel
0000000000013d30 00000000000000e8 T binderConvertErrorCode
0000000000013e20 0000000000000124 T binderAdjustRefcount
0000000000013f50 000000000000009c T binderInitSession
0000000000013ff0 000000000000005c T binderClose
0000000000014050 0000000000000154 T binderGetNativeHandle
00000000000141b0 00000000000000c8 T bqRequestBuffer
0000000000014280 0000000000000128 T bqDequeueBuffer
00000000000143b0 00000000000000c8 T bqQueueBuffer
0000000000014480 0000000000000084 T bqCancelBuffer
0000000000014510 00000000000000d0 T bqConnect
00000000000145e0 0000000000000088 T bqDisconnect
0000000000014670 0000000000000194 T bqSetPreallocatedBuffer
0000000000014810 0000000000000030 T parcelCreate
0000000000014840 0000000000000174 T parcelTransact
00000000000149c0 0000000000000080 T parcelWriteData
0000000000014a40 0000000000000088 T parcelReadData
0000000000014ad0 0000000000000020 T parcelWriteInt32
0000000000014af0 0000000000000020 T parcelWriteUInt32
0000000000014b10 000000000000007c T parcelWriteString16
0000000000014b90 0000000000000030 T parcelWriteInterfaceToken
0000000000014bc0 0000000000000024 T parcelReadInt32
0000000000014bf0 0000000000000068 T parcelReadFlattenedObject
0000000000014c60 0000000000000044 T parcelWriteFlattenedObject
0000000000014cb0 0000000000000184 T sessionmgrCreate
0000000000014e40 0000000000000084 T sessionmgrClose
0000000000014ed0 00000000000000a8 T sessionmgrAttachClient
0000000000014f80 0000000000000060 T sessionmgrDetachClient
0000000000014fe0 0000000000000004 T operator delete(void*, unsigned long)
0000000000015000 0000000000000068 T operator new(unsigned long)
0000000000015080 000000000000005c W std::__cxx11::basic_string<char, std::char_traits<char>, std::allocator<char> >::_M_create(unsigned long&, unsigned long)
00000000000150e0 0000000000000128 W std::__cxx11::basic_string<char, std::char_traits<char>, std::allocator<char> >::_M_mutate(unsigned long, unsigned long, char const*, unsigned long)
0000000000015220 00000000000000bc W std::__cxx11::basic_string<char, std::char_traits<char>, std::allocator<char> >::_M_append(char const*, unsigned long)
00000000000152e0 000000000000000c T std::bad_alloc::what() const
0000000000015300 0000000000000014 T std::bad_alloc::~bad_alloc()
0000000000015300 0000000000000014 T std::bad_alloc::~bad_alloc()
0000000000015320 0000000000000020 T std::bad_alloc::~bad_alloc()
0000000000015340 0000000000000004 T operator delete(void*)
0000000000015360 000000000000000c W __gnu_cxx::__concurrence_lock_error::what() const
0000000000015380 000000000000000c W __gnu_cxx::__concurrence_unlock_error::what() const
00000000000153a0 0000000000000014 W __gnu_cxx::__concurrence_lock_error::~__concurrence_lock_error()
00000000000153a0 0000000000000014 W __gnu_cxx::__concurrence_lock_error::~__concurrence_lock_error()
00000000000153c0 0000000000000038 W __gnu_cxx::__concurrence_lock_error::~__concurrence_lock_error()
0000000000015400 0000000000000014 W __gnu_cxx::__concurrence_unlock_error::~__concurrence_unlock_error()
0000000000015400 0000000000000014 W __gnu_cxx::__concurrence_unlock_error::~__concurrence_unlock_error()
0000000000015420 0000000000000038 W __gnu_cxx::__concurrence_unlock_error::~__concurrence_unlock_error()
0000000000015460 0000000000000110 t (anonymous namespace)::pool::free(void*) [clone .constprop.0]
0000000000015580 00000000000000cc t (anonymous namespace)::pool::allocate(unsigned long) [clone .constprop.0]
0000000000015660 0000000000000058 T __cxa_allocate_exception
00000000000156c0 0000000000000028 T __cxa_free_exception
0000000000015700 000000000000009c T __cxa_begin_catch
00000000000157a0 0000000000000004 T std::exception::~exception()
00000000000157a0 0000000000000004 T std::exception::~exception()
00000000000157c0 0000000000000044 t eh_globals_dtor(void*)
0000000000015820 0000000000000080 T __cxa_get_globals
00000000000158a0 000000000000007c t get_adjusted_ptr(std::type_info const*, std::type_info const*, void**)
0000000000015920 0000000000000138 t read_encoded_value_with_base(unsigned char, unsigned long, unsigned char const*, unsigned long*)
0000000000015a60 0000000000000064 t base_of_encoded_value(unsigned char, _Unwind_Context*)
0000000000015ae0 0000000000000108 t check_exception_spec(lsda_header_info*, std::type_info const*, void*, long)
0000000000015c00 00000000000000f8 t parse_lsda_header(_Unwind_Context*, unsigned char const*, lsda_header_info*)
0000000000015d00 0000000000000630 T __gxx_personality_v0
0000000000016340 0000000000000018 T __cxxabiv1::__terminate(void (*)())
0000000000016360 0000000000000010 T std::get_terminate()
0000000000016380 0000000000000010 T __cxxabiv1::__unexpected(void (*)())
00000000000163a0 0000000000000010 T std::get_unexpected()
00000000000163c0 0000000000000058 t __gxx_exception_cleanup(_Unwind_Reason_Code, _Unwind_Exception*)
0000000000016420 0000000000000054 T __cxa_init_primary_exception
0000000000016480 000000000000005c T __cxa_throw
00000000000164e0 0000000000000010 T std::get_new_handler()
0000000000016500 0000000000000014 T __cxxabiv1::__si_class_type_info::~__si_class_type_info()
0000000000016500 0000000000000014 T __cxxabiv1::__si_class_type_info::~__si_class_type_info()
0000000000016520 0000000000000020 T __cxxabiv1::__si_class_type_info::~__si_class_type_info()
0000000000016540 0000000000000194 T __cxxabiv1::__si_class_type_info::__do_dyncast(long, __cxxabiv1::__class_type_info::__sub_kind, __cxxabiv1::__class_type_info const*, void const*, __cxxabiv1::__class_type_info const*, void const*, __cxxabiv1::__class_type_info::__dyncast_result&) const
00000000000166e0 00000000000000a8 T __cxxabiv1::__si_class_type_info::__do_find_public_src(long, void const*, __cxxabiv1::__class_type_info const*, void const*) const
00000000000167a0 0000000000000064 T __cxxabiv1::__si_class_type_info::__do_upcast(__cxxabiv1::__class_type_info const*, void const*, __cxxabiv1::__class_type_info::__upcast_result&) const
0000000000016820 0000000000000004 T std::type_info::~type_info()
0000000000016820 0000000000000004 T std::type_info::~type_info()
0000000000016840 0000000000000008 T std::type_info::__is_pointer_p() const
0000000000016840 0000000000000008 T std::type_info::__is_function_p() const
0000000000016860 0000000000000008 T std::logic_error::what() const
0000000000016860 0000000000000008 T std::runtime_error::what() const
0000000000016880 0000000000000074 T std::logic_error::~logic_error()
0000000000016880 0000000000000074 T std::logic_error::~logic_error()
0000000000016900 000000000000001c T std::logic_error::~logic_error()
0000000000016920 0000000000000014 T std::length_error::~length_error()
0000000000016920 0000000000000014 T std::length_error::~length_error()
0000000000016940 000000000000001c T std::length_error::~length_error()
0000000000016960 00000000000000f8 T std::logic_error::logic_error(char const*)
0000000000016960 00000000000000f8 T std::logic_error::logic_error(char const*)
0000000000016a60 0000000000000030 T std::length_error::length_error(char const*)
0000000000016a60 0000000000000030 T std::length_error::length_error(char const*)
0000000000016aa0 0000000000000080 W std::string::_Rep::_S_create(unsigned long, unsigned long, std::allocator<char> const&)
0000000000016b20 0000000000000004 W std::string::_Rep::_M_destroy(std::allocator<char> const&)
0000000000016b40 0000000000000068 T __cxxabiv1::__class_type_info::__do_upcast(__cxxabiv1::__class_type_info const*, void**) const
0000000000016bc0 0000000000000010 T __cxxabiv1::__class_type_info::__do_find_public_src(long, void const*, __cxxabiv1::__class_type_info const*, void const*) const
0000000000016be0 0000000000000014 T __cxxabiv1::__class_type_info::~__class_type_info()
0000000000016be0 0000000000000014 T __cxxabiv1::__class_type_info::~__class_type_info()
0000000000016c00 0000000000000020 T __cxxabiv1::__class_type_info::~__class_type_info()
0000000000016c20 0000000000000090 T __cxxabiv1::__class_type_info::__do_upcast(__cxxabiv1::__class_type_info const*, void const*, __cxxabiv1::__class_type_info::__upcast_result&) const
0000000000016cc0 00000000000000a8 T __cxxabiv1::__class_type_info::__do_catch(std::type_info const*, void**, unsigned int) const
0000000000016d80 00000000000000ec T __cxxabiv1::__class_type_info::__do_dyncast(long, __cxxabiv1::__class_type_info::__sub_kind, __cxxabiv1::__class_type_info const*, void const*, __cxxabiv1::__class_type_info const*, void const*, __cxxabiv1::__class_type_info::__dyncast_result&) const
0000000000016e80 0000000000000298 t init_dwarf_reg_size_table
0000000000017120 000000000000018c t uw_install_context_1
00000000000172c0 000000000000018c t read_encoded_value
0000000000017460 00000000000007f8 t execute_stack_op
0000000000017c60 0000000000000334 t uw_update_context_1
0000000000017fa0 00000000000000f8 t uw_update_context
00000000000180a0 0000000000000868 t execute_cfa_program_specialized
0000000000018920 0000000000000898 t execute_cfa_program_generic
00000000000191c0 000000000000043c t uw_frame_state_for
0000000000019600 000000000000036c t uw_init_context_1
0000000000019980 0000000000000140 t _Unwind_RaiseException_Phase2
0000000000019ac0 0000000000000154 t _Unwind_ForcedUnwind_Phase2
0000000000019c20 0000000000000050 t _Unwind_SetGR
0000000000019c80 0000000000000014 t _Unwind_GetIPInfo
0000000000019ca0 0000000000000008 t _Unwind_SetIP
0000000000019cc0 0000000000000008 t _Unwind_GetLanguageSpecificData
0000000000019ce0 0000000000000008 t _Unwind_GetRegionStart
0000000000019d00 0000000000000008 t _Unwind_GetDataRelBase
0000000000019d20 0000000000000008 t _Unwind_GetTextRelBase
0000000000019d40 0000000000000004 t _Unwind_DebugHook
0000000000019d60 00000000000001a4 t _Unwind_RaiseException
0000000000019f20 000000000000012c t _Unwind_Resume
000000000001a060 000000000000001c t _Unwind_DeleteException
000000000001a080 0000000000000018 t fde_unencoded_compare
000000000001a0a0 000000000000002c t fde_unencoded_extract
000000000001a0e0 00000000000000ec t frame_downheap
000000000001a1e0 0000000000000138 t read_encoded_value_with_base
000000000001a320 0000000000000220 t fde_radixsort
000000000001a540 0000000000000110 t __deregister_frame_info_bases.part.0
000000000001a660 0000000000000124 t get_cie_encoding
000000000001a7a0 00000000000000d8 t fde_mixed_encoding_extract
000000000001a880 00000000000001e0 t classify_object_over_fdes.constprop.0
000000000001aa60 00000000000000bc t fde_single_encoding_extract
000000000001ab20 00000000000000a8 t fde_single_encoding_compare
000000000001abe0 000000000000010c t fde_mixed_encoding_compare
000000000001ad00 0000000000000234 t add_fdes.isra.0
000000000001af40 00000000000002e8 t linear_search_fdes
000000000001b240 0000000000000558 t search_object
000000000001b7a0 0000000000000060 t __register_frame_info
000000000001b800 0000000000000018 t __deregister_frame_info
000000000001b820 00000000000001d0 t _Unwind_Find_FDE
000000000001b9f0 0000000000000030 T __arm_za_disable
000000000001b9f0 0000000000000030 t __libgcc_arm_za_disable
000000000001ba20 00000000000000a0 T __arm_tpidr2_save
000000000001ba20 00000000000000a0 t __libgcc_arm_tpidr2_save
000000000001bac0 00000000000000c4 T strncat
000000000001bba0 0000000000000024 T getenv
000000000001bc00 00000000000000cc T strchr
000000000001bd00 00000000000000b8 T strnlen
000000000001bdc0 00000000000000b4 T bsearch
000000000001be80 000000000000022c T memcpy
000000000001be80 T memmove
000000000001c0c0 0000000000000028 T gmtime
000000000001c100 0000000000000104 T memset
000000000001c220 0000000000000080 T printf
000000000001c2a0 00000000000001a4 t _strtoul_l.isra.0
000000000001c460 0000000000000040 T strtoul
000000000001c4a0 000000000000002c T aligned_alloc
000000000001c4e0 000000000000018c T _memalign_r
000000000001c680 0000000000000014 T __errno
000000000001c6a0 0000000000000018 T abort
000000000001c6c0 0000000000000130 T strlen
000000000001c800 00000000000001b4 T strncmp
000000000001c9c0 0000000000000840 T _malloc_r
000000000001d200 00000000000001c8 T memcmp
000000000001d3e0 000000000000011c T _malloc_trim_r
000000000001d500 00000000000002d8 T _free_r
000000000001d7e0 0000000000000278 T setvbuf
000000000001da60 000000000000001c t stdio_exit_handler
000000000001da80 000000000000006c t cleanup_stdio
000000000001db00 0000000000000128 t global_stdio_init.part.0
000000000001dc40 000000000000000c T __sfp_lock_acquire
000000000001dc60 000000000000000c T __sfp_lock_release
000000000001dc80 0000000000000054 T __sinit
000000000001dce0 00000000000000a4 T __libc_init_array
000000000001dda0 00000000000000ac T strncpy
000000000001de60 0000000000000038 T malloc
000000000001dea0 000000000000001c T free
000000000001dec0 00000000000000d4 T _puts_r
000000000001dfa0 000000000000001c T puts
000000000001dfc0 00000000000000f4 T _findenv_r
000000000001e0c0 000000000000004c T __sread
000000000001e120 0000000000000070 T __swrite
000000000001e1a0 0000000000000050 T __sseek
000000000001e200 0000000000000008 T __sclose
000000000001e220 000000000000000c T __malloc_lock
000000000001e240 000000000000000c T __malloc_unlock
000000000001e260 0000000000000130 T _fclose_r
000000000001e3a0 0000000000000034 T setenv
000000000001e3e0 0000000000000004 W __call_exitprocs
000000000001e400 0000000000000134 T strcmp
000000000001e540 0000000000000044 T __libc_fini_array
000000000001e5a0 00000000000002a0 T gmtime_r
000000000001e840 00000000000000dc T memchr
000000000001e920 000000000000000c T __env_lock
000000000001e940 000000000000000c T __env_unlock
000000000001e960 0000000000000258 T _setenv_r
000000000001ebc0 0000000000000098 T _fwalk_sglue
000000000001ec58 0000000000000790 t get_arg
000000000001f3e8 0000000000003bd4 T _vfprintf_r
0000000000022fbc 00000000000000cc t __sbprintf
00000000000230a0 00000000000000d0 T _wcrtomb_r
0000000000023180 00000000000004a4 T __sfvwrite_r
0000000000023640 000000000000009c T _raise_r
00000000000236e0 000000000000001c T raise
0000000000023700 00000000000000b0 T __swhatbuf_r
00000000000237c0 00000000000000e8 T __smakebuf_r
00000000000238c0 000000000000002c T __locale_mb_cur_max
0000000000023900 00000000000001ec T __sflush_r
0000000000023b00 00000000000000bc T _fflush_r
0000000000023bc0 0000000000000038 T __sprint_r
0000000000023c00 00000000000001a4 t quorem
0000000000023dc0 00000000000012f0 T _dtoa_r
00000000000250c0 0000000000000010 T _wcsrtombs_r
00000000000250e0 000000000000012c T __swsetup_r
0000000000025220 0000000000000008 T __localeconv_l
0000000000025240 0000000000000028 T _localeconv_r
0000000000025280 0000000000000568 T _realloc_r
0000000000025800 00000000000000e0 T __utf8_wctomb
00000000000258e0 0000000000000188 T _wcsnrtombs_l
0000000000025a80 0000000000000054 T _wcsnrtombs_r
0000000000025ae0 000000000000007c T frexp
0000000000025b60 0000000000000064 T __assert_func
0000000000025be0 00000000000000a4 T _Balloc
0000000000025ca0 0000000000000020 T _Bfree
0000000000025cc0 0000000000000118 T __multadd
0000000000025de0 0000000000000094 T __hi0bits
0000000000025e80 0000000000000100 T __lo0bits
0000000000025f80 000000000000004c T __i2b
0000000000025fe0 0000000000000210 T __multiply
0000000000026200 0000000000000104 T __pow5mult
0000000000026320 0000000000000174 T __lshift
00000000000264a0 0000000000000050 T __mcmp
0000000000026500 00000000000001c4 T __mdiff
00000000000266e0 000000000000014c T __d2b
0000000000026840 00000000000002dc T __utf8_mbtowc
0000000000026b20 0000000000000080 T fiprintf
0000000000026ba0 00000000000000bc T _calloc_r
0000000000026c5c 0000000000000790 t get_arg
00000000000273ec 0000000000002964 T _vfiprintf_r
0000000000029d50 00000000000000cc t __sbprintf
0000000000029e20 0000000000000020 T _exit
0000000000029e40 000000000000016c T chdir
0000000000029fc0 0000000000000218 T _concatenate_path
000000000002a1e0 000000000000008c t __dirnext
000000000002a280 0000000000000110 T opendir
000000000002a3a0 00000000000000ac T closedir
000000000002a460 0000000000000104 T readdir_r
000000000002a580 0000000000000040 T readdir
000000000002a5c0 000000000000009c T _fstat_r
000000000002a660 0000000000000010 T _getpid_r
000000000002a680 0000000000000020 T __getreent
000000000002a6a0 0000000000000060 T __get_handle
000000000002a700 00000000000000f4 T _close_r
000000000002a800 0000000000000008 t null_write
000000000002a820 0000000000000018 T setDefaultDevice
000000000002a840 00000000000000b8 T FindDevice
000000000002a900 000000000000002c T RemoveDevice
000000000002a940 00000000000000a4 T AddDevice
000000000002aa00 0000000000000034 T GetDeviceOpTab
000000000002aa40 0000000000000008 T _isatty_r
000000000002aa60 0000000000000010 T _kill_r
000000000002aa80 00000000000000a0 T _lseek_r
000000000002ab20 0000000000000088 T mkdir
000000000002abc0 000000000000006c T pthread_mutex_lock
000000000002ac40 000000000000006c T pthread_mutex_unlock
000000000002acc0 00000000000000d4 T pthread_once
000000000002ada0 0000000000000024 T pthread_key_create
000000000002ade0 0000000000000018 T pthread_setspecific
000000000002ae00 0000000000000018 T pthread_getspecific
000000000002ae20 0000000000000018 T pthread_key_delete
000000000002ae40 00000000000000b0 T _read_r
000000000002af00 0000000000000078 W _sbrk_r
000000000002af80 0000000000000014 T __libc_lock_acquire
000000000002afa0 0000000000000014 T __libc_lock_release
000000000002afc0 0000000000000014 T __libc_lock_acquire_recursive
000000000002afe0 0000000000000014 T __libc_lock_release_recursive
000000000002b000 0000000000000018 T __libc_cond_broadcast
000000000002b020 0000000000000018 T __libc_cond_wait
000000000002b040 00000000000000b0 T _write_r
000000000002b100 0000000000000380 t __trunctfdf2
000000000002b480 0000000000000070 t __sfp_handle_exceptions
000000000002b500 0000000000000104 T strrchr
000000000002b608 T _init
000000000002b640 T _fini
000000000002c648 0000000000000014 r CSWTCH.1000
000000000002c7e0 0000000000000018 r grayScale
000000000002c7f8 0000000000000006 r colorCube
000000000002c800 0000000000000030 r colorTable
000000000002c830 R default_font_bin
000000000002e830 R default_font_bin_end
000000000002e830 0000000000000038 r g_nvColorFmtTable
000000000002e868 0000000000000024 r s_emptyFence.0
000000000002e890 0000000000000020 r error_table
000000000002e940 0000000000000023 r g_bq_InterfaceDescriptor
000000000002e968 000000000000000d V typeinfo name for std::bad_alloc
000000000002e978 0000000000000027 V typeinfo name for __gnu_cxx::__concurrence_lock_error
000000000002e9a0 0000000000000029 V typeinfo name for __gnu_cxx::__concurrence_unlock_error
000000000002e9d0 000000000000000d V typeinfo name for std::exception
000000000002e9e0 0000000000000020 V typeinfo name for __cxxabiv1::__forced_unwind
000000000002ea00 0000000000000024 V typeinfo name for __cxxabiv1::__foreign_exception
000000000002ea28 0000000000000025 V typeinfo name for __cxxabiv1::__si_class_type_info
000000000002ea50 000000000000000d V typeinfo name for std::type_info
000000000002ea60 0000000000000010 V typeinfo name for std::logic_error
000000000002ea70 0000000000000011 V typeinfo name for std::length_error
000000000002ea88 0000000000000022 V typeinfo name for __cxxabiv1::__class_type_info
000000000002ebc8 0000000000000008 r terminator.0
000000000002ebd0 0000000000000001 R __aarch64_have_sme
000000000002ebd8 0000000000000101 R _ctype_
000000000002ee10 0000000000000010 r zeroes.0
000000000002ee20 0000000000000010 r blanks.1
000000000002ee30 000000000000006c R __action_table
000000000002eea0 000000000000006c R __state_table
000000000002ef10 0000000000000100 R __chclass
000000000002f028 000000000000000c r p05.0
000000000002f038 0000000000000028 R __mprec_bigtens
000000000002f060 00000000000000c8 R __mprec_tens
000000000002f220 0000000000000010 r zeroes.0
000000000002f230 0000000000000010 r blanks.1
000000000002f240 r __tls_align
000000000002f2ac r __eh_frame_hdr_end
000000000002f2ac r __eh_frame_hdr_start
000000000002f2b0 r __EH_FRAME_BEGIN__
0000000000035874 r __FRAME_END__
0000000000036000 d __frame_dummy_init_array_entry
0000000000036000 d __init_array_start
0000000000036000 d __preinit_array_end
0000000000036000 d __preinit_array_start
0000000000036000 d __relro_start
0000000000036018 d __do_global_dtors_aux_fini_array_entry
0000000000036018 d __fini_array_start
0000000000036018 d __init_array_end
0000000000036030 0000000000000100 d dotab_stdout
0000000000036030 d __fini_array_end
0000000000036130 0000000000000100 d fsdev_devoptab
0000000000036230 0000000000000100 D dotab_stdnull
0000000000036330 0000000000000018 V typeinfo for std::bad_alloc
0000000000036348 0000000000000028 V vtable for std::bad_alloc
0000000000036370 0000000000000018 V typeinfo for __gnu_cxx::__concurrence_lock_error
0000000000036388 0000000000000018 V typeinfo for __gnu_cxx::__concurrence_unlock_error
00000000000363a0 0000000000000028 V vtable for __gnu_cxx::__concurrence_lock_error
00000000000363c8 0000000000000028 V vtable for __gnu_cxx::__concurrence_unlock_error
00000000000363f0 0000000000000010 V typeinfo for std::exception
0000000000036400 0000000000000010 V typeinfo for __cxxabiv1::__forced_unwind
0000000000036410 0000000000000010 V typeinfo for __cxxabiv1::__foreign_exception
0000000000036420 0000000000000018 V typeinfo for __cxxabiv1::__si_class_type_info
0000000000036438 0000000000000058 V vtable for __cxxabiv1::__si_class_type_info
0000000000036490 0000000000000010 V typeinfo for std::type_info
00000000000364a0 0000000000000018 V typeinfo for std::logic_error
00000000000364b8 0000000000000018 V typeinfo for std::length_error
00000000000364d0 0000000000000028 V vtable for std::logic_error
00000000000364f8 0000000000000028 V vtable for std::length_error
0000000000036520 0000000000000018 V typeinfo for __cxxabiv1::__class_type_info
0000000000036538 0000000000000058 V vtable for __cxxabiv1::__class_type_info
0000000000036590 a _DYNAMIC
00000000000366e0 a _GLOBAL_OFFSET_TABLE_
00000000000366e0 d __got_start__
0000000000036a40 d __got_end__
0000000000037000 d __data_start
0000000000037000 0000000000000008 V __nx_applet_init_timeout
0000000000037008 0000000000000001 V __nx_applet_auto_notifyrunning
000000000003700c 0000000000000004 V __nx_applet_type
0000000000037010 0000000000000008 d currentConsole
0000000000037018 0000000000000050 d defaultConsole
0000000000037068 0000000000000088 d s_consoleSwRenderer
00000000000370f0 0000000000000008 V __nx_exception_stack_size
00000000000370f8 0000000000000001 V __nx_fsdev_support_cwd
00000000000370fc 0000000000000004 V __nx_fsdev_direntry_cache_size
0000000000037100 0000000000000004 V __nx_fs_num_sessions
0000000000037104 0000000000000004 V __nx_nv_transfermem_size
0000000000037108 0000000000000004 V __nx_nv_service_type
000000000003710c 0000000000000004 d g_viServiceType
0000000000037110 0000000000000004 V __nx_vi_stray_layer_flags
0000000000037114 0000000000000004 d g_ctrl_fd
0000000000037118 0000000000000004 d g_nvmap_fd
0000000000037120 0000000000000008 V DW.ref.__gxx_personality_v0
0000000000037128 0000000000000008 D __cxxabiv1::__unexpected_handler
0000000000037130 0000000000000008 D __cxxabiv1::__terminate_handler
0000000000037138 0000000000000008 D _impure_ptr
0000000000037140 0000000000000240 D _impure_data
0000000000037380 0000000000000008 D __malloc_sbrk_base
0000000000037388 0000000000000008 D __malloc_trim_threshold
0000000000037390 0000000000000810 D __malloc_av_
0000000000037ba0 0000000000000018 D __sglue
0000000000037bb8 0000000000000008 D environ
0000000000037bc0 0000000000000290 D __global_locale
0000000000037e50 0000000000000400 d _current_working_directory
0000000000038260 0000000000002000 d handles
000000000003a260 0000000000000010 d __stderr_handle
000000000003a270 0000000000000010 d __stdout_handle
000000000003a280 0000000000000010 d __stdin_handle
000000000003a290 0000000000000118 D devoptab_list
000000000003a3a8 0000000000000004 d defaultDevice
000000000003a3b0 b __bss_start__
000000000003a3b0 b completed.1
000000000003a3b0 d __tdata_lma
000000000003a3b0 d __tdata_lma_end
000000000003a3b8 b object.0
000000000003a3e8 0000000000000008 b g_appletGuard
000000000003a3f0 0000000000000001 b g_appletInfoInitialized
000000000003a3f8 0000000000000050 b g_appletInfo
000000000003a448 0000000000000004 b g_appletCpuBoostMode
000000000003a450 000000000000000c b g_appletLibraryAppletLaunchableEvent
000000000003a45c 0000000000000001 b g_appletSuspendedTickInitialized
000000000003a460 0000000000000008 b g_appletSuspendedTick
000000000003a468 0000000000000008 b g_appletInitTickBase
000000000003a470 000000000000000c b g_appletSuspendedTickEvent
000000000003a47c 0000000000000001 b g_appletCopyrightInitialized
000000000003a480 0000000000000028 b g_appletCopyrightTmem
000000000003a4a8 0000000000000004 b g_appletRecordingInitialized
000000000003a4b0 0000000000000028 b g_appletRecordingTmem
000000000003a4d8 0000000000000018 b g_appletFirstHook
000000000003a4f0 0000000000000001 b g_appletNotifiedRunning
000000000003a4f1 0000000000000001 b g_appletFocusState
000000000003a4f4 0000000000000004 b g_appletPerformanceMode
000000000003a4f8 0000000000000001 b g_appletOperationMode
000000000003a500 0000000000000008 b g_appletResourceUserId
000000000003a508 000000000000000c b g_appletMessageEvent
000000000003a518 0000000000000010 b g_appletIDebugFunctions
000000000003a528 0000000000000010 b g_appletIDisplayController
000000000003a538 0000000000000010 b g_appletIAudioController
000000000003a548 0000000000000010 b g_appletIWindowController
000000000003a558 0000000000000010 b g_appletISelfController
000000000003a568 0000000000000010 b g_appletICommonStateGetter
000000000003a578 0000000000000010 b g_appletILibraryAppletCreator
000000000003a588 0000000000000010 b g_appletIProcessWindingController
000000000003a598 0000000000000010 b g_appletILibraryAppletSelfAccessor
000000000003a5a8 0000000000000010 b g_appletIApplicationCreator
000000000003a5b8 0000000000000010 b g_appletIGlobalStateController
000000000003a5c8 0000000000000010 b g_appletIFunctions
000000000003a5d8 0000000000000010 b g_appletIAppletCommonFunctions
000000000003a5e8 0000000000000004 b g_appletExitProcessResult
000000000003a5ec 0000000000000001 b g_appletExitProcessFlag
000000000003a5ed 0000000000000001 b g_appletLeftInitialized
000000000003a5f0 0000000000000010 b g_appletProxySession
000000000003a600 0000000000000010 b g_appletSrv
000000000003a610 0000000000000004 V __nx_applet_exit_mode
000000000003a618 0000000000000008 V __nx_applet_PerformanceConfiguration
000000000003a620 0000000000000080 V __nx_applet_AppletAttribute
000000000003a6a0 0000000000000008 b g_smGuard
000000000003a6a8 0000000000000008 b g_smOverridesNum
000000000003a6b0 0000000000000180 b g_smOverrides
000000000003a830 0000000000000010 b g_smSrv
000000000003a840 0000000000000008 b g_userIdStorage
000000000003a850 0000000000000010 b g_randomSeed
000000000003a860 0000000000000001 b g_hasRandomSeed
000000000003a864 0000000000000004 b g_lastLoadResult
000000000003a868 0000000000000008 b g_nextLoadArgv
000000000003a870 0000000000000008 b g_nextLoadPath
000000000003a878 0000000000000004 b g_processHandle
000000000003a880 0000000000000018 b g_syscallHints
000000000003a898 0000000000000008 b g_overrideArgv
000000000003a8a0 0000000000000008 b g_overrideHeapSize
000000000003a8a8 0000000000000008 b g_overrideHeapAddr
000000000003a8b0 0000000000000008 b g_loaderRetAddr
000000000003a8b8 0000000000000004 b g_mainThreadHandle
000000000003a8c0 0000000000000008 b g_loaderInfoSize
000000000003a8c8 0000000000000008 b g_loaderInfo
000000000003a8d0 0000000000000001 b g_isNso
000000000003a8d4 0000000000000004 b g_hosVersion
000000000003a8d8 0000000000000001 b didFirstConsoleInit.0
000000000003a8e0 0000000000000068 b escapeSeq
000000000003a948 0000000000000050 b currentCopy
000000000003a998 B __stack_top
000000000003a9a0 0000000000000001 b g_IsLegacyKernel
000000000003a9a8 0000000000000008 b g_Reservations
000000000003a9b0 0000000000000010 b g_StackRegion
000000000003a9c0 0000000000000010 b g_AslrRegion
000000000003a9d0 0000000000000010 b g_HeapRegion
000000000003a9e0 0000000000000010 b g_AliasRegion
000000000003a9f0 0000000000000004 b g_VirtmemMutex
000000000003a9f8 0000000000000008 b g_apmGuard
000000000003aa00 0000000000000010 b g_apmISession
000000000003aa10 0000000000000010 b g_apmSrv
000000000003aa20 0000000000000008 b g_hidGuard
000000000003aa28 0000000000000008 b g_sevenSixAxisSensorBuffer
000000000003aa30 0000000000000020 b g_hidSharedmem
000000000003aa50 0000000000000010 b g_hidIActiveVibrationDeviceList
000000000003aa60 0000000000000010 b g_hidIAppletResource
000000000003aa70 0000000000000010 b g_hidSrv
000000000003aa80 0000000000000080 b g_defaultWin
000000000003ab00 0000000000000010 b g_viLayer
000000000003ab10 0000000000000050 b g_viDisplay
000000000003ab60 0000000000000008 b g_argv_empty
000000000003ab68 0000000000000008 B __system_argv
000000000003ab70 0000000000000004 B __system_argc
000000000003ab80 0000000000000340 B __nx_exceptiondump
000000000003aec0 0000000000000004 V __nx_exception_ignoredebug
000000000003aed0 0000000000000400 V __nx_exception_stack
000000000003b2d0 0000000000000008 V __nx_heap_size
000000000003b2d8 0000000000000008 b __bootticks
000000000003b2e0 0000000000000008 b __boottime
000000000003b2e8 0000000000000004 V __nx_time_type
000000000003b2f0 0000000000000004 B __nxlink_host
000000000003b300 0000000000002800 b fsdev_fsdevices
000000000003db00 0000000000000004 b fsdev_fsdevice_cwd
000000000003db04 0000000000000001 b fsdev_initialised
000000000003db08 0000000000000004 b g_randMutex
000000000003db0c 0000000000000001 b g_randInit
000000000003db10 0000000000000040 b g_chacha
000000000003db50 0000000000000060 b g_tlsDestructors
000000000003dbb0 0000000000000008 b g_tlsUsageMask
000000000003dbc0 0000000000000038 b g_mainThread
000000000003dbf8 0000000000000008 b g_threadList
000000000003dc00 0000000000000004 b g_threadMutex
000000000003dc08 0000000000000008 b g_fsGuard
000000000003dc10 0000000000000054 b g_fsSessionMgr
000000000003dc68 0000000000000010 b g_fsSrv
000000000003dc78 0000000000000008 b g_nvGuard
000000000003dc80 0000000000000028 b g_nvTransfermem
000000000003dca8 0000000000000010 b g_nvSrvClone
000000000003dcb8 0000000000000010 b g_nvSrv
000000000003dcc8 0000000000000008 b g_setsysGuard
000000000003dcd0 0000000000000010 b g_setsysSrv
000000000003dce0 0000000000000008 b g_timeGuard
000000000003dce8 0000000000000020 b g_timeSharedmem
000000000003dd08 0000000000000010 b g_timeLocalSystemClock
000000000003dd18 0000000000000010 b g_timeTimeZoneService
000000000003dd28 0000000000000010 b g_timeSteadyClock
000000000003dd38 0000000000000010 b g_timeNetworkSystemClock
000000000003dd48 0000000000000010 b g_timeUserSystemClock
000000000003dd58 0000000000000010 b g_timeSrv
000000000003dd68 0000000000000004 V __nx_time_service_type
000000000003dd70 0000000000000008 b g_viGuard
000000000003dd78 0000000000000010 b g_viIHOSBinderDriverIndirect
000000000003dd88 0000000000000010 b g_viIManagerDisplayService
000000000003dd98 0000000000000010 b g_viISystemDisplayService
000000000003dda8 0000000000000010 b g_viIHOSBinderDriverRelay
000000000003ddb8 0000000000000010 b g_viIApplicationDisplayService
000000000003ddc8 0000000000000010 b g_viRootService
000000000003ddd8 0000000000000008 V __nx_vi_layer_id
000000000003dde0 0000000000000008 b g_nvFenceGuard
000000000003dde8 0000000000000300 b g_NvEvents
000000000003e0e8 0000000000000008 b g_NvEventUsedMask
000000000003e0f0 0000000000000008 b g_nvMapGuard
000000000003e100 0000000000000028 b (anonymous namespace)::emergency_pool
000000000003e128 0000000000000004 b init
000000000003e12c 0000000000000001 B __eh_globals_init::_S_init
000000000003e130 0000000000000010 b (anonymous namespace)::eh_globals
000000000003e140 0000000000000008 b (anonymous namespace)::__new_handler
000000000003e148 0000000000000020 V std::string::_Rep::_S_empty_rep_storage
000000000003e168 0000000000000004 b once_regsizes.0
000000000003e170 0000000000000062 b dwarf_reg_size_table
000000000003e1d8 000000000000000c b object_mutex
000000000003e1e8 0000000000000008 b seen_objects
000000000003e1f0 0000000000000008 b unseen_objects
000000000003e1f8 0000000000000050 B __malloc_current_mallinfo
000000000003e248 0000000000000008 B __malloc_max_total_mem
000000000003e250 0000000000000008 B __malloc_max_sbrked_mem
000000000003e258 0000000000000008 B __malloc_top_pad
000000000003e260 0000000000000008 b __sfp_recursive_mutex
000000000003e268 0000000000000228 B __sf
000000000003e490 0000000000000008 B __stdio_exit_handler
000000000003e498 0000000000000008 b __malloc_recursive_mutex
000000000003e4a0 0000000000000008 b __env_recursive_mutex
000000000003e4a8 0000000000000004 b alloced.0
000000000003e4b0 0000000000000008 b initial_env
000000000003e4c0 0000000000000400 b temp_cwd
000000000003e8c0 0000000000000004 b __hndl_lock
000000000003e8c8 0000000000000008 B fake_heap_start
000000000003e8d0 0000000000000008 B fake_heap_end
000000000003e8d8 0000000000000004 b __pthread_once_cv
000000000003e8dc 0000000000000004 b __pthread_once_lock
000000000003e8e0 0000000000000008 b heap_start.0
000000000003e8e8 b __tls_start
000000000003ecf8 b __bss_end__
000000000003ecf8 b __end__
000000000003ecf8 b __tls_end
000000000003f000 b __argdata__
